<?xml version="1.0" encoding="UTF-8"?>
<!-- Generated by org.testng.reporters.JUnitReportReporter -->
<testsuite hostname="EmadulHaque_PC" failures="0" tests="4" name="com.datadrive.DataDrivenTest_hardData" time="8.390" errors="0" timestamp="2022-06-06T20:09:16 EDT" skipped="0">
  <testcase classname="com.datadrive.DataDrivenTest_hardData" name="loginTest" time="0.994"/>
  <system-out/>
  <testcase classname="com.datadrive.DataDrivenTest_hardData" name="loginTest" time="0.902"/>
  <system-out/>
  <testcase classname="com.datadrive.DataDrivenTest_hardData" name="loginTest" time="5.195"/>
  <system-out/>
  <testcase classname="com.datadrive.DataDrivenTest_hardData" name="loginTest" time="1.299"/>
  <system-out/>
</testsuite> <!-- com.datadrive.DataDrivenTest_hardData -->
