<?xml version="1.0" encoding="UTF-8"?>
<!-- Generated by org.testng.reporters.JUnitReportReporter -->
<testsuite hostname="EmadulHaque_PC" failures="0" tests="4" name="com.datadrive.DataDrivenTest" time="7.179" errors="0" timestamp="2022-06-04T11:40:40 EDT" skipped="0">
  <testcase classname="com.datadrive.DataDrivenTest" name="loginTest" time="0.866"/>
  <system-out/>
  <testcase classname="com.datadrive.DataDrivenTest" name="loginTest" time="0.879"/>
  <system-out/>
  <testcase classname="com.datadrive.DataDrivenTest" name="loginTest" time="4.552"/>
  <system-out/>
  <testcase classname="com.datadrive.DataDrivenTest" name="loginTest" time="0.882"/>
  <system-out/>
</testsuite> <!-- com.datadrive.DataDrivenTest -->
